Added Component: Designator=C1(CAPC3225X200N)
Add component (AddParameter): Name = "Availability"; Value = "Unavailable"; VariantName = "[No Variations]"
Add component (AddParameter): Name = "MF"; Value = "{'manufacturer': u'Murata Electronics'}"; VariantName = "[No Variations]"
Add component (AddParameter): Name = "MP"; Value = "GR332DD72J333KW01L"; VariantName = "[No Variations]"
Add component (AddParameter): Name = "Package"; Value = "None"; VariantName = "[No Variations]"
Add component (AddParameter): Name = "Price"; Value = "None"; VariantName = "[No Variations]"
Add component (AddParameter): Name = "Value"; Value = ""; VariantName = "[No Variations]"
Added Component: Designator=C2(CAPC3225X200N)
Add component (AddParameter): Name = "Availability"; Value = "Unavailable"; VariantName = "[No Variations]"
Add component (AddParameter): Name = "MF"; Value = "{'manufacturer': u'Murata Electronics'}"; VariantName = "[No Variations]"
Add component (AddParameter): Name = "MP"; Value = "GR332DD72J333KW01L"; VariantName = "[No Variations]"
Add component (AddParameter): Name = "Package"; Value = "None"; VariantName = "[No Variations]"
Add component (AddParameter): Name = "Price"; Value = "None"; VariantName = "[No Variations]"
Add component (AddParameter): Name = "Value"; Value = ""; VariantName = "[No Variations]"
Added Component: Designator=C3(CAPC3225X200N)
Add component (AddParameter): Name = "Availability"; Value = "Unavailable"; VariantName = "[No Variations]"
Add component (AddParameter): Name = "MF"; Value = "{'manufacturer': u'Murata Electronics'}"; VariantName = "[No Variations]"
Add component (AddParameter): Name = "MP"; Value = "GR332DD72J333KW01L"; VariantName = "[No Variations]"
Add component (AddParameter): Name = "Package"; Value = "None"; VariantName = "[No Variations]"
Add component (AddParameter): Name = "Price"; Value = "None"; VariantName = "[No Variations]"
Add component (AddParameter): Name = "Value"; Value = ""; VariantName = "[No Variations]"
Added Component: Designator=C4(CAPC3216X160N)
Add component (AddParameter): Name = "Availability"; Value = "Unavailable"; VariantName = "[No Variations]"
Add component (AddParameter): Name = "MF"; Value = "{'manufacturer': u'Syfer'}"; VariantName = "[No Variations]"
Add component (AddParameter): Name = "MP"; Value = "1206J2K00820JCT"; VariantName = "[No Variations]"
Add component (AddParameter): Name = "Package"; Value = "None"; VariantName = "[No Variations]"
Add component (AddParameter): Name = "Price"; Value = "None"; VariantName = "[No Variations]"
Add component (AddParameter): Name = "Value"; Value = ""; VariantName = "[No Variations]"
Added Component: Designator=C5(CAPC3216X160N)
Add component (AddParameter): Name = "Availability"; Value = "Unavailable"; VariantName = "[No Variations]"
Add component (AddParameter): Name = "MF"; Value = "{'manufacturer': u'Syfer'}"; VariantName = "[No Variations]"
Add component (AddParameter): Name = "MP"; Value = "1206J2K00820JCT"; VariantName = "[No Variations]"
Add component (AddParameter): Name = "Package"; Value = "None"; VariantName = "[No Variations]"
Add component (AddParameter): Name = "Price"; Value = "None"; VariantName = "[No Variations]"
Add component (AddParameter): Name = "Value"; Value = ""; VariantName = "[No Variations]"
Added Component: Designator=C?(CAPC3216X160N)
Add component (AddParameter): Name = "Availability"; Value = "Unavailable"; VariantName = "[No Variations]"
Add component (AddParameter): Name = "MF"; Value = "{'manufacturer': u'Syfer'}"; VariantName = "[No Variations]"
Add component (AddParameter): Name = "MP"; Value = "1206J2K00820JCT"; VariantName = "[No Variations]"
Add component (AddParameter): Name = "Package"; Value = "None"; VariantName = "[No Variations]"
Add component (AddParameter): Name = "Price"; Value = "None"; VariantName = "[No Variations]"
Add component (AddParameter): Name = "Value"; Value = ""; VariantName = "[No Variations]"
Added Component: Designator=C?(CAPC3216X160N)
Add component (AddParameter): Name = "Availability"; Value = "Unavailable"; VariantName = "[No Variations]"
Add component (AddParameter): Name = "MF"; Value = "{'manufacturer': u'Syfer'}"; VariantName = "[No Variations]"
Add component (AddParameter): Name = "MP"; Value = "1206J2K00820JCT"; VariantName = "[No Variations]"
Add component (AddParameter): Name = "Package"; Value = "None"; VariantName = "[No Variations]"
Add component (AddParameter): Name = "Price"; Value = "None"; VariantName = "[No Variations]"
Add component (AddParameter): Name = "Value"; Value = ""; VariantName = "[No Variations]"
Added Component: Designator=C?(CAPC3216X160N)
Add component (AddParameter): Name = "Availability"; Value = "Unavailable"; VariantName = "[No Variations]"
Add component (AddParameter): Name = "MF"; Value = "{'manufacturer': u'Syfer'}"; VariantName = "[No Variations]"
Add component (AddParameter): Name = "MP"; Value = "1206J2K00820JCT"; VariantName = "[No Variations]"
Add component (AddParameter): Name = "Package"; Value = "None"; VariantName = "[No Variations]"
Add component (AddParameter): Name = "Price"; Value = "None"; VariantName = "[No Variations]"
Add component (AddParameter): Name = "Value"; Value = ""; VariantName = "[No Variations]"
Added Component: Designator=C?(CAPC3216X160N)
Add component (AddParameter): Name = "Availability"; Value = "Unavailable"; VariantName = "[No Variations]"
Add component (AddParameter): Name = "MF"; Value = "{'manufacturer': u'Syfer'}"; VariantName = "[No Variations]"
Add component (AddParameter): Name = "MP"; Value = "1206J2K00820JCT"; VariantName = "[No Variations]"
Add component (AddParameter): Name = "Package"; Value = "None"; VariantName = "[No Variations]"
Add component (AddParameter): Name = "Price"; Value = "None"; VariantName = "[No Variations]"
Add component (AddParameter): Name = "Value"; Value = ""; VariantName = "[No Variations]"
Added Component: Designator=C?(CAPC3225X200N)
Add component (AddParameter): Name = "Availability"; Value = "Unavailable"; VariantName = "[No Variations]"
Add component (AddParameter): Name = "MF"; Value = "{'manufacturer': u'Murata Electronics'}"; VariantName = "[No Variations]"
Add component (AddParameter): Name = "MP"; Value = "GR332DD72J333KW01L"; VariantName = "[No Variations]"
Add component (AddParameter): Name = "Package"; Value = "None"; VariantName = "[No Variations]"
Add component (AddParameter): Name = "Price"; Value = "None"; VariantName = "[No Variations]"
Add component (AddParameter): Name = "Value"; Value = ""; VariantName = "[No Variations]"
Added Component: Designator=FL1(FIL_KA4909-AL)
Add component (AddParameter): Name = "Availability"; Value = "Unavailable"; VariantName = "[No Variations]"
Add component (AddParameter): Name = "MF"; Value = "{'manufacturer': u'Coilcraft'}"; VariantName = "[No Variations]"
Add component (AddParameter): Name = "MP"; Value = "KA4909-AL"; VariantName = "[No Variations]"
Add component (AddParameter): Name = "Package"; Value = "None"; VariantName = "[No Variations]"
Add component (AddParameter): Name = "Price"; Value = "None"; VariantName = "[No Variations]"
Add component (AddParameter): Name = "Value"; Value = ""; VariantName = "[No Variations]"
Added Component: Designator=FL?(FIL_KA4909-AL)
Add component (AddParameter): Name = "Availability"; Value = "Unavailable"; VariantName = "[No Variations]"
Add component (AddParameter): Name = "MF"; Value = "{'manufacturer': u'Coilcraft'}"; VariantName = "[No Variations]"
Add component (AddParameter): Name = "MP"; Value = "KA4909-AL"; VariantName = "[No Variations]"
Add component (AddParameter): Name = "Package"; Value = "None"; VariantName = "[No Variations]"
Add component (AddParameter): Name = "Price"; Value = "None"; VariantName = "[No Variations]"
Add component (AddParameter): Name = "Value"; Value = ""; VariantName = "[No Variations]"
Added Component: Designator=J1(JOHNSON_142-0701-201)
Add component (AddParameter): Name = "Availability"; Value = "Unavailable"; VariantName = "[No Variations]"
Add component (AddParameter): Name = "MF"; Value = "{'manufacturer': u'Cinch Connectivity Solutions Johnson'}"; VariantName = "[No Variations]"
Add component (AddParameter): Name = "MP"; Value = "142-0701-201"; VariantName = "[No Variations]"
Add component (AddParameter): Name = "Package"; Value = "None"; VariantName = "[No Variations]"
Add component (AddParameter): Name = "Price"; Value = "None"; VariantName = "[No Variations]"
Add component (AddParameter): Name = "Value"; Value = ""; VariantName = "[No Variations]"
Added Component: Designator=J?(JOHNSON_142-0701-201)
Add component (AddParameter): Name = "Availability"; Value = "Unavailable"; VariantName = "[No Variations]"
Add component (AddParameter): Name = "MF"; Value = "{'manufacturer': u'Cinch Connectivity Solutions Johnson'}"; VariantName = "[No Variations]"
Add component (AddParameter): Name = "MP"; Value = "142-0701-201"; VariantName = "[No Variations]"
Add component (AddParameter): Name = "Package"; Value = "None"; VariantName = "[No Variations]"
Add component (AddParameter): Name = "Price"; Value = "None"; VariantName = "[No Variations]"
Add component (AddParameter): Name = "Value"; Value = ""; VariantName = "[No Variations]"
Added Component: Designator=L1(IND_ASMCI-0805-4R7M-T)
Add component (AddParameter): Name = "Availability"; Value = "Unavailable"; VariantName = "[No Variations]"
Add component (AddParameter): Name = "MF"; Value = "{'manufacturer': u'Abracon'}"; VariantName = "[No Variations]"
Add component (AddParameter): Name = "MP"; Value = "ASMCI-0805-4R7M-T"; VariantName = "[No Variations]"
Add component (AddParameter): Name = "Package"; Value = "None"; VariantName = "[No Variations]"
Add component (AddParameter): Name = "Price"; Value = "None"; VariantName = "[No Variations]"
Add component (AddParameter): Name = "Value"; Value = ""; VariantName = "[No Variations]"
Added Component: Designator=L2(IND_ASMCI-0805-4R7M-T)
Add component (AddParameter): Name = "Availability"; Value = "Unavailable"; VariantName = "[No Variations]"
Add component (AddParameter): Name = "MF"; Value = "{'manufacturer': u'Abracon'}"; VariantName = "[No Variations]"
Add component (AddParameter): Name = "MP"; Value = "ASMCI-0805-4R7M-T"; VariantName = "[No Variations]"
Add component (AddParameter): Name = "Package"; Value = "None"; VariantName = "[No Variations]"
Add component (AddParameter): Name = "Price"; Value = "None"; VariantName = "[No Variations]"
Add component (AddParameter): Name = "Value"; Value = ""; VariantName = "[No Variations]"
Added Component: Designator=L3(IND_ASMCI-0805-4R7M-T)
Add component (AddParameter): Name = "Availability"; Value = "Unavailable"; VariantName = "[No Variations]"
Add component (AddParameter): Name = "MF"; Value = "{'manufacturer': u'Abracon'}"; VariantName = "[No Variations]"
Add component (AddParameter): Name = "MP"; Value = "ASMCI-0805-4R7M-T"; VariantName = "[No Variations]"
Add component (AddParameter): Name = "Package"; Value = "None"; VariantName = "[No Variations]"
Add component (AddParameter): Name = "Price"; Value = "None"; VariantName = "[No Variations]"
Add component (AddParameter): Name = "Value"; Value = ""; VariantName = "[No Variations]"
Added Component: Designator=L4(INDC3225X120N)
Add component (AddParameter): Name = "Availability"; Value = "Unavailable"; VariantName = "[No Variations]"
Add component (AddParameter): Name = "MF"; Value = "{'manufacturer': u'Murata Electronics'}"; VariantName = "[No Variations]"
Add component (AddParameter): Name = "MP"; Value = "1277AS-H-1R5M=P2"; VariantName = "[No Variations]"
Add component (AddParameter): Name = "Package"; Value = "None"; VariantName = "[No Variations]"
Add component (AddParameter): Name = "Price"; Value = "None"; VariantName = "[No Variations]"
Add component (AddParameter): Name = "Value"; Value = ""; VariantName = "[No Variations]"
Added Component: Designator=L5(INDC3225X120N)
Add component (AddParameter): Name = "Availability"; Value = "Unavailable"; VariantName = "[No Variations]"
Add component (AddParameter): Name = "MF"; Value = "{'manufacturer': u'Murata Electronics'}"; VariantName = "[No Variations]"
Add component (AddParameter): Name = "MP"; Value = "1277AS-H-1R5M=P2"; VariantName = "[No Variations]"
Add component (AddParameter): Name = "Package"; Value = "None"; VariantName = "[No Variations]"
Add component (AddParameter): Name = "Price"; Value = "None"; VariantName = "[No Variations]"
Add component (AddParameter): Name = "Value"; Value = ""; VariantName = "[No Variations]"
Added Component: Designator=L?(IND_ASMCI-0805-4R7M-T)
Add component (AddParameter): Name = "Availability"; Value = "Unavailable"; VariantName = "[No Variations]"
Add component (AddParameter): Name = "MF"; Value = "{'manufacturer': u'Abracon'}"; VariantName = "[No Variations]"
Add component (AddParameter): Name = "MP"; Value = "ASMCI-0805-4R7M-T"; VariantName = "[No Variations]"
Add component (AddParameter): Name = "Package"; Value = "None"; VariantName = "[No Variations]"
Add component (AddParameter): Name = "Price"; Value = "None"; VariantName = "[No Variations]"
Add component (AddParameter): Name = "Value"; Value = ""; VariantName = "[No Variations]"
Added Component: Designator=L?(IND_ASMCI-0805-4R7M-T)
Add component (AddParameter): Name = "Availability"; Value = "Unavailable"; VariantName = "[No Variations]"
Add component (AddParameter): Name = "MF"; Value = "{'manufacturer': u'Abracon'}"; VariantName = "[No Variations]"
Add component (AddParameter): Name = "MP"; Value = "ASMCI-0805-4R7M-T"; VariantName = "[No Variations]"
Add component (AddParameter): Name = "Package"; Value = "None"; VariantName = "[No Variations]"
Add component (AddParameter): Name = "Price"; Value = "None"; VariantName = "[No Variations]"
Add component (AddParameter): Name = "Value"; Value = ""; VariantName = "[No Variations]"
Added Component: Designator=L?(IND_ASMCI-0805-4R7M-T)
Add component (AddParameter): Name = "Availability"; Value = "Unavailable"; VariantName = "[No Variations]"
Add component (AddParameter): Name = "MF"; Value = "{'manufacturer': u'Abracon'}"; VariantName = "[No Variations]"
Add component (AddParameter): Name = "MP"; Value = "ASMCI-0805-4R7M-T"; VariantName = "[No Variations]"
Add component (AddParameter): Name = "Package"; Value = "None"; VariantName = "[No Variations]"
Add component (AddParameter): Name = "Price"; Value = "None"; VariantName = "[No Variations]"
Add component (AddParameter): Name = "Value"; Value = ""; VariantName = "[No Variations]"
Added Component: Designator=L?(INDC3225X120N)
Add component (AddParameter): Name = "Availability"; Value = "Unavailable"; VariantName = "[No Variations]"
Add component (AddParameter): Name = "MF"; Value = "{'manufacturer': u'Murata Electronics'}"; VariantName = "[No Variations]"
Add component (AddParameter): Name = "MP"; Value = "1277AS-H-1R5M=P2"; VariantName = "[No Variations]"
Add component (AddParameter): Name = "Package"; Value = "None"; VariantName = "[No Variations]"
Add component (AddParameter): Name = "Price"; Value = "None"; VariantName = "[No Variations]"
Add component (AddParameter): Name = "Value"; Value = ""; VariantName = "[No Variations]"
Added Component: Designator=L?(INDC3225X120N)
Add component (AddParameter): Name = "Availability"; Value = "Unavailable"; VariantName = "[No Variations]"
Add component (AddParameter): Name = "MF"; Value = "{'manufacturer': u'Murata Electronics'}"; VariantName = "[No Variations]"
Add component (AddParameter): Name = "MP"; Value = "1277AS-H-1R5M=P2"; VariantName = "[No Variations]"
Add component (AddParameter): Name = "Package"; Value = "None"; VariantName = "[No Variations]"
Add component (AddParameter): Name = "Price"; Value = "None"; VariantName = "[No Variations]"
Add component (AddParameter): Name = "Value"; Value = ""; VariantName = "[No Variations]"
Added Component: Designator=P1(TE_282837-2)
Add component (AddParameter): Name = "Availability"; Value = "Unavailable"; VariantName = "[No Variations]"
Add component (AddParameter): Name = "MF"; Value = "{'manufacturer': u'TE Connectivity'}"; VariantName = "[No Variations]"
Add component (AddParameter): Name = "MP"; Value = "282837-2"; VariantName = "[No Variations]"
Add component (AddParameter): Name = "Package"; Value = "None"; VariantName = "[No Variations]"
Add component (AddParameter): Name = "Price"; Value = "None"; VariantName = "[No Variations]"
Add component (AddParameter): Name = "Value"; Value = ""; VariantName = "[No Variations]"
Added Component: Designator=P?(TE_282837-2)
Add component (AddParameter): Name = "Availability"; Value = "Unavailable"; VariantName = "[No Variations]"
Add component (AddParameter): Name = "MF"; Value = "{'manufacturer': u'TE Connectivity'}"; VariantName = "[No Variations]"
Add component (AddParameter): Name = "MP"; Value = "282837-2"; VariantName = "[No Variations]"
Add component (AddParameter): Name = "Package"; Value = "None"; VariantName = "[No Variations]"
Add component (AddParameter): Name = "Price"; Value = "None"; VariantName = "[No Variations]"
Add component (AddParameter): Name = "Value"; Value = ""; VariantName = "[No Variations]"
Added Pin To Net: NetName=NetC1_1 Pin=C1-1
Added Pin To Net: NetName=NetC1_2 Pin=C1-2
Added Pin To Net: NetName=NetC1_2 Pin=C2-1
Added Pin To Net: NetName=NetC2_2 Pin=C2-2
Added Pin To Net: NetName=NetC2_2 Pin=C3-1
Added Pin To Net: NetName=NetC3_2 Pin=C3-2
Added Pin To Net: NetName=NetC4_1 Pin=C4-1
Added Pin To Net: NetName=GND Pin=C4-2
Added Pin To Net: NetName=NetC5_1 Pin=C5-1
Added Pin To Net: NetName=GND Pin=C5-2
Added Pin To Net: NetName=NetC?_1 Pin=C?-1
Added Pin To Net: NetName=GND Pin=C?-2
Added Pin To Net: NetName=GND Pin=C?-2
Added Pin To Net: NetName=NetC?_1 Pin=C?-2
Added Pin To Net: NetName=NetC3_2 Pin=FL1-1
Added Pin To Net: NetName=GND Pin=FL1-2
Added Pin To Net: NetName=GND Pin=FL1-3
Added Pin To Net: NetName=GND Pin=FL1-4
Added Pin To Net: NetName=GND Pin=FL1-5
Added Pin To Net: NetName=NetFL1_6 Pin=FL1-6
Added Pin To Net: NetName=GND Pin=FL?-2
Added Pin To Net: NetName=GND Pin=FL?-3
Added Pin To Net: NetName=GND Pin=FL?-4
Added Pin To Net: NetName=GND Pin=FL?-5
Added Pin To Net: NetName=NetJ1_1 Pin=J1-1
Added Pin To Net: NetName=GND Pin=J1-2
Added Pin To Net: NetName=GND Pin=J1-3
Added Pin To Net: NetName=GND Pin=J1-4
Added Pin To Net: NetName=GND Pin=J1-5
Added Pin To Net: NetName=NetJ?_1 Pin=J?-1
Added Pin To Net: NetName=GND Pin=J?-2
Added Pin To Net: NetName=GND Pin=J?-3
Added Pin To Net: NetName=GND Pin=J?-4
Added Pin To Net: NetName=GND Pin=J?-5
Added Pin To Net: NetName=NetFL1_6 Pin=L1-1
Added Pin To Net: NetName=NetC4_1 Pin=L1-2
Added Pin To Net: NetName=NetC4_1 Pin=L2-1
Added Pin To Net: NetName=NetC5_1 Pin=L2-2
Added Pin To Net: NetName=NetC5_1 Pin=L3-1
Added Pin To Net: NetName=NetJ1_1 Pin=L3-2
Added Pin To Net: NetName=GND Pin=L4-1
Added Pin To Net: NetName=NetC1_2 Pin=L4-2
Added Pin To Net: NetName=GND Pin=L5-1
Added Pin To Net: NetName=NetC2_2 Pin=L5-2
Added Pin To Net: NetName=GND Pin=L?-1
Added Pin To Net: NetName=GND Pin=L?-1
Added Pin To Net: NetName=NetC?_1 Pin=L?-2
Added Pin To Net: NetName=NetJ?_1 Pin=L?-2
Added Pin To Net: NetName=NetC1_1 Pin=P1-1
Added Pin To Net: NetName=GND Pin=P1-2
Added Pin To Net: NetName=GND Pin=P?-2
Added Pin To Net: NetName=NetC?_2 Pin=C?-2
Added Pin To Net: NetName=NetC?_2 Pin=FL?-1
Added Net: Name=NetC?_2
Added Pin To Net: NetName=NetFL?_6 Pin=FL?-6
Added Pin To Net: NetName=NetFL?_6 Pin=L?-1
Added Net: Name=NetFL?_6
Added Member To Class: ClassName=acoplador_75_50 Member=Component C1 cap_1210 1.3nF
Added Member To Class: ClassName=acoplador_75_50 Member=Component C2 cap_1210 620 pF
Added Member To Class: ClassName=acoplador_75_50 Member=Component C3 cap_1210 1.3nF
Added Member To Class: ClassName=acoplador_75_50 Member=Component C4 cap1206 82pF
Added Member To Class: ClassName=acoplador_75_50 Member=Component C5 cap1206 82pF
Added Member To Class: ClassName=acoplador_50_50 Member=Component C? cap1206
Added Member To Class: ClassName=acoplador_50_50 Member=Component C? cap1206 82pF
Added Member To Class: ClassName=acoplador_50_50 Member=Component C? cap1206 82pF
Added Member To Class: ClassName=acoplador_50_50 Member=Component C? cap1206
Added Member To Class: ClassName=acoplador_50_50 Member=Component C? cap_1210
Added Member To Class: ClassName=acoplador_75_50 Member=Component FL1 RF_Transformer
Added Member To Class: ClassName=acoplador_50_50 Member=Component FL? RF_Transformer
Added Member To Class: ClassName=acoplador_75_50 Member=Component J1 SMA
Added Member To Class: ClassName=acoplador_50_50 Member=Component J? SMA
Added Member To Class: ClassName=acoplador_75_50 Member=Component L1 ind_0805 180nH
Added Member To Class: ClassName=acoplador_75_50 Member=Component L2 ind_0805 330nH
Added Member To Class: ClassName=acoplador_75_50 Member=Component L3 ind_0805 180nH
Added Member To Class: ClassName=acoplador_75_50 Member=Component L4 ind_1210 4.7 uH
Added Member To Class: ClassName=acoplador_75_50 Member=Component L5 ind_1210 4.7 uH
Added Member To Class: ClassName=acoplador_50_50 Member=Component L? ind_0805 330nH
Added Member To Class: ClassName=acoplador_50_50 Member=Component L? ind_0805 180nH
Added Member To Class: ClassName=acoplador_50_50 Member=Component L? ind_0805 180nH
Added Member To Class: ClassName=acoplador_50_50 Member=Component L? ind_1210
Added Member To Class: ClassName=acoplador_50_50 Member=Component L? ind_1210
Added Member To Class: ClassName=acoplador_75_50 Member=Component P1 KRE_2_way
Added Member To Class: ClassName=acoplador_50_50 Member=Component P? KRE_2_way
Added Room: Name=acoplador_50_50
Added Room: Name=acoplador_75_50
