Added Component: Designator=C6(CAPC3216X160N)
Add component (AddParameter): Name = "Availability"; Value = "Unavailable"; VariantName = "[No Variations]"
Add component (AddParameter): Name = "MF"; Value = "{'manufacturer': u'Syfer'}"; VariantName = "[No Variations]"
Add component (AddParameter): Name = "MP"; Value = "1206J2K00820JCT"; VariantName = "[No Variations]"
Add component (AddParameter): Name = "Package"; Value = "None"; VariantName = "[No Variations]"
Add component (AddParameter): Name = "Price"; Value = "None"; VariantName = "[No Variations]"
Add component (AddParameter): Name = "Value"; Value = ""; VariantName = "[No Variations]"
Added Component: Designator=C7(CAPC3225X200N)
Add component (AddParameter): Name = "Availability"; Value = "Unavailable"; VariantName = "[No Variations]"
Add component (AddParameter): Name = "MF"; Value = "{'manufacturer': u'Murata Electronics'}"; VariantName = "[No Variations]"
Add component (AddParameter): Name = "MP"; Value = "GR332DD72J333KW01L"; VariantName = "[No Variations]"
Add component (AddParameter): Name = "Package"; Value = "None"; VariantName = "[No Variations]"
Add component (AddParameter): Name = "Price"; Value = "None"; VariantName = "[No Variations]"
Add component (AddParameter): Name = "Value"; Value = ""; VariantName = "[No Variations]"
Added Component: Designator=C8(CAPC3216X160N)
Add component (AddParameter): Name = "Availability"; Value = "Unavailable"; VariantName = "[No Variations]"
Add component (AddParameter): Name = "MF"; Value = "{'manufacturer': u'Syfer'}"; VariantName = "[No Variations]"
Add component (AddParameter): Name = "MP"; Value = "1206J2K00820JCT"; VariantName = "[No Variations]"
Add component (AddParameter): Name = "Package"; Value = "None"; VariantName = "[No Variations]"
Add component (AddParameter): Name = "Price"; Value = "None"; VariantName = "[No Variations]"
Add component (AddParameter): Name = "Value"; Value = ""; VariantName = "[No Variations]"
Added Component: Designator=C9(CAPC3216X160N)
Add component (AddParameter): Name = "Availability"; Value = "Unavailable"; VariantName = "[No Variations]"
Add component (AddParameter): Name = "MF"; Value = "{'manufacturer': u'Syfer'}"; VariantName = "[No Variations]"
Add component (AddParameter): Name = "MP"; Value = "1206J2K00820JCT"; VariantName = "[No Variations]"
Add component (AddParameter): Name = "Package"; Value = "None"; VariantName = "[No Variations]"
Add component (AddParameter): Name = "Price"; Value = "None"; VariantName = "[No Variations]"
Add component (AddParameter): Name = "Value"; Value = ""; VariantName = "[No Variations]"
Added Component: Designator=C10(CAPC3216X160N)
Add component (AddParameter): Name = "Availability"; Value = "Unavailable"; VariantName = "[No Variations]"
Add component (AddParameter): Name = "MF"; Value = "{'manufacturer': u'Syfer'}"; VariantName = "[No Variations]"
Add component (AddParameter): Name = "MP"; Value = "1206J2K00820JCT"; VariantName = "[No Variations]"
Add component (AddParameter): Name = "Package"; Value = "None"; VariantName = "[No Variations]"
Add component (AddParameter): Name = "Price"; Value = "None"; VariantName = "[No Variations]"
Add component (AddParameter): Name = "Value"; Value = ""; VariantName = "[No Variations]"
Added Component: Designator=FL2(FIL_KA4909-AL)
Add component (AddParameter): Name = "Availability"; Value = "Unavailable"; VariantName = "[No Variations]"
Add component (AddParameter): Name = "MF"; Value = "{'manufacturer': u'Coilcraft'}"; VariantName = "[No Variations]"
Add component (AddParameter): Name = "MP"; Value = "KA4909-AL"; VariantName = "[No Variations]"
Add component (AddParameter): Name = "Package"; Value = "None"; VariantName = "[No Variations]"
Add component (AddParameter): Name = "Price"; Value = "None"; VariantName = "[No Variations]"
Add component (AddParameter): Name = "Value"; Value = ""; VariantName = "[No Variations]"
Added Component: Designator=J2(JOHNSON_142-0701-201)
Add component (AddParameter): Name = "Availability"; Value = "Unavailable"; VariantName = "[No Variations]"
Add component (AddParameter): Name = "MF"; Value = "{'manufacturer': u'Cinch Connectivity Solutions Johnson'}"; VariantName = "[No Variations]"
Add component (AddParameter): Name = "MP"; Value = "142-0701-201"; VariantName = "[No Variations]"
Add component (AddParameter): Name = "Package"; Value = "None"; VariantName = "[No Variations]"
Add component (AddParameter): Name = "Price"; Value = "None"; VariantName = "[No Variations]"
Add component (AddParameter): Name = "Value"; Value = ""; VariantName = "[No Variations]"
Added Component: Designator=L6(INDC3225X120N)
Add component (AddParameter): Name = "Availability"; Value = "Unavailable"; VariantName = "[No Variations]"
Add component (AddParameter): Name = "MF"; Value = "{'manufacturer': u'Murata Electronics'}"; VariantName = "[No Variations]"
Add component (AddParameter): Name = "MP"; Value = "1277AS-H-1R5M=P2"; VariantName = "[No Variations]"
Add component (AddParameter): Name = "Package"; Value = "None"; VariantName = "[No Variations]"
Add component (AddParameter): Name = "Price"; Value = "None"; VariantName = "[No Variations]"
Add component (AddParameter): Name = "Value"; Value = ""; VariantName = "[No Variations]"
Added Component: Designator=L7(INDC3225X120N)
Add component (AddParameter): Name = "Availability"; Value = "Unavailable"; VariantName = "[No Variations]"
Add component (AddParameter): Name = "MF"; Value = "{'manufacturer': u'Murata Electronics'}"; VariantName = "[No Variations]"
Add component (AddParameter): Name = "MP"; Value = "1277AS-H-1R5M=P2"; VariantName = "[No Variations]"
Add component (AddParameter): Name = "Package"; Value = "None"; VariantName = "[No Variations]"
Add component (AddParameter): Name = "Price"; Value = "None"; VariantName = "[No Variations]"
Add component (AddParameter): Name = "Value"; Value = ""; VariantName = "[No Variations]"
Added Component: Designator=L8(IND_ASMCI-0805-4R7M-T)
Add component (AddParameter): Name = "Availability"; Value = "Unavailable"; VariantName = "[No Variations]"
Add component (AddParameter): Name = "MF"; Value = "{'manufacturer': u'Abracon'}"; VariantName = "[No Variations]"
Add component (AddParameter): Name = "MP"; Value = "ASMCI-0805-4R7M-T"; VariantName = "[No Variations]"
Add component (AddParameter): Name = "Package"; Value = "None"; VariantName = "[No Variations]"
Add component (AddParameter): Name = "Price"; Value = "None"; VariantName = "[No Variations]"
Add component (AddParameter): Name = "Value"; Value = ""; VariantName = "[No Variations]"
Added Component: Designator=L9(IND_ASMCI-0805-4R7M-T)
Add component (AddParameter): Name = "Availability"; Value = "Unavailable"; VariantName = "[No Variations]"
Add component (AddParameter): Name = "MF"; Value = "{'manufacturer': u'Abracon'}"; VariantName = "[No Variations]"
Add component (AddParameter): Name = "MP"; Value = "ASMCI-0805-4R7M-T"; VariantName = "[No Variations]"
Add component (AddParameter): Name = "Package"; Value = "None"; VariantName = "[No Variations]"
Add component (AddParameter): Name = "Price"; Value = "None"; VariantName = "[No Variations]"
Add component (AddParameter): Name = "Value"; Value = ""; VariantName = "[No Variations]"
Added Component: Designator=L10(IND_ASMCI-0805-4R7M-T)
Add component (AddParameter): Name = "Availability"; Value = "Unavailable"; VariantName = "[No Variations]"
Add component (AddParameter): Name = "MF"; Value = "{'manufacturer': u'Abracon'}"; VariantName = "[No Variations]"
Add component (AddParameter): Name = "MP"; Value = "ASMCI-0805-4R7M-T"; VariantName = "[No Variations]"
Add component (AddParameter): Name = "Package"; Value = "None"; VariantName = "[No Variations]"
Add component (AddParameter): Name = "Price"; Value = "None"; VariantName = "[No Variations]"
Add component (AddParameter): Name = "Value"; Value = ""; VariantName = "[No Variations]"
Added Component: Designator=P2(TE_282837-2)
Add component (AddParameter): Name = "Availability"; Value = "Unavailable"; VariantName = "[No Variations]"
Add component (AddParameter): Name = "MF"; Value = "{'manufacturer': u'TE Connectivity'}"; VariantName = "[No Variations]"
Add component (AddParameter): Name = "MP"; Value = "282837-2"; VariantName = "[No Variations]"
Add component (AddParameter): Name = "Package"; Value = "None"; VariantName = "[No Variations]"
Add component (AddParameter): Name = "Price"; Value = "None"; VariantName = "[No Variations]"
Add component (AddParameter): Name = "Value"; Value = ""; VariantName = "[No Variations]"
Added Pin To Net: NetName=NetC6_1 Pin=C6-1
Added Pin To Net: NetName=NetC6_2 Pin=C6-2
Added Pin To Net: NetName=NetC6_2 Pin=C7-1
Added Pin To Net: NetName=NetC7_2 Pin=C7-2
Added Pin To Net: NetName=NetC7_2 Pin=C8-1
Added Pin To Net: NetName=NetC8_2 Pin=C8-2
Added Pin To Net: NetName=NetC9_1 Pin=C9-1
Added Pin To Net: NetName=GND Pin=C9-2
Added Pin To Net: NetName=NetC10_1 Pin=C10-1
Added Pin To Net: NetName=GND Pin=C10-2
Added Pin To Net: NetName=NetC8_2 Pin=FL2-1
Added Pin To Net: NetName=GND_quente Pin=FL2-2
Added Pin To Net: NetName=GND_quente Pin=FL2-3
Added Pin To Net: NetName=GND Pin=FL2-4
Added Pin To Net: NetName=GND Pin=FL2-5
Added Pin To Net: NetName=NetFL2_6 Pin=FL2-6
Added Pin To Net: NetName=NetJ2_1 Pin=J2-1
Added Pin To Net: NetName=GND Pin=J2-2
Added Pin To Net: NetName=GND Pin=J2-3
Added Pin To Net: NetName=GND Pin=J2-4
Added Pin To Net: NetName=GND Pin=J2-5
Added Pin To Net: NetName=GND_quente Pin=L6-1
Added Pin To Net: NetName=NetC6_2 Pin=L6-2
Added Pin To Net: NetName=GND_quente Pin=L7-1
Added Pin To Net: NetName=NetC7_2 Pin=L7-2
Added Pin To Net: NetName=NetFL2_6 Pin=L8-1
Added Pin To Net: NetName=NetC9_1 Pin=L8-2
Added Pin To Net: NetName=NetC9_1 Pin=L9-1
Added Pin To Net: NetName=NetC10_1 Pin=L9-2
Added Pin To Net: NetName=NetC10_1 Pin=L10-1
Added Pin To Net: NetName=NetJ2_1 Pin=L10-2
Added Pin To Net: NetName=NetC6_1 Pin=P2-1
Added Pin To Net: NetName=GND_quente Pin=P2-2
Added Class: Name=imp_75
Added Member To Class: ClassName=acoplador_50_50 Member=Component C6 cap1206
Added Member To Class: ClassName=acoplador_50_50 Member=Component C7 cap_1210
Added Member To Class: ClassName=acoplador_50_50 Member=Component C8 cap1206
Added Member To Class: ClassName=acoplador_50_50 Member=Component C9 cap1206 82pF
Added Member To Class: ClassName=acoplador_50_50 Member=Component C10 cap1206 82pF
Added Member To Class: ClassName=acoplador_50_50 Member=Component FL2 RF_Transformer
Added Member To Class: ClassName=acoplador_50_50 Member=Component J2 SMA
Added Member To Class: ClassName=acoplador_50_50 Member=Component L6 ind_1210
Added Member To Class: ClassName=acoplador_50_50 Member=Component L7 ind_1210
Added Member To Class: ClassName=acoplador_50_50 Member=Component L8 ind_0805 180nH
Added Member To Class: ClassName=acoplador_50_50 Member=Component L9 ind_0805 330nH
Added Member To Class: ClassName=acoplador_50_50 Member=Component L10 ind_0805 180nH
Added Member To Class: ClassName=acoplador_50_50 Member=Component P2 KRE_2_way
Added Room: Name=acoplador_50_50
Added Room: Name=acoplador_75_50
